2020-06-01 18:02:43
New connection from 192.168.160.1:64906 -- /home/go/webserver/Reactor/Server.cpp:62
2020-06-01 18:02:45
Request: sa
 -- /home/go/webserver/Reactor/Tcp_Connection.cpp:133
2020-06-01 18:02:50
New connection from 192.168.160.1:64912 -- /home/go/webserver/Reactor/Server.cpp:62
2020-06-01 18:02:52
Request: dfer
 -- /home/go/webserver/Reactor/Tcp_Connection.cpp:133
2020-06-01 18:02:56
New connection from 192.168.160.1:64913 -- /home/go/webserver/Reactor/Server.cpp:62
2020-06-01 18:02:58
Request: ret
 -- /home/go/webserver/Reactor/Tcp_Connection.cpp:133
2020-06-01 18:03:04
Request: 
 -- /home/go/webserver/Reactor/Tcp_Connection.cpp:133
2020-06-01 18:03:06
New connection from 192.168.160.1:64915 -- /home/go/webserver/Reactor/Server.cpp:62
2020-06-01 18:03:09
Request: erteyheuj
 -- /home/go/webserver/Reactor/Tcp_Connection.cpp:133
2020-06-01 18:03:19
New connection from 192.168.160.1:64916 -- /home/go/webserver/Reactor/Server.cpp:62
2020-06-01 18:03:20
Request: eryjtnt
 -- /home/go/webserver/Reactor/Tcp_Connection.cpp:133
2020-06-01 18:03:22
Request: 
 -- /home/go/webserver/Reactor/Tcp_Connection.cpp:133
2020-06-01 18:03:24
New connection from 192.168.160.1:64918 -- /home/go/webserver/Reactor/Server.cpp:62
2020-06-01 18:03:26
Request: eyteuj
 -- /home/go/webserver/Reactor/Tcp_Connection.cpp:133
2020-06-01 18:03:35
New connection from 127.0.0.1:64920 -- /home/go/webserver/Reactor/Server.cpp:62
2020-06-01 18:03:36
Request: wr
 -- /home/go/webserver/Reactor/Tcp_Connection.cpp:133
2020-06-01 18:03:38
Request: sg
 -- /home/go/webserver/Reactor/Tcp_Connection.cpp:133
2020-06-01 18:03:40
New connection from 127.0.0.1:64921 -- /home/go/webserver/Reactor/Server.cpp:62
2020-06-01 18:03:41
Request: dsfg
 -- /home/go/webserver/Reactor/Tcp_Connection.cpp:133
2020-06-01 18:03:43
Request: 
 -- /home/go/webserver/Reactor/Tcp_Connection.cpp:133
2020-06-01 18:55:57
New connection from 192.168.160.1:65354 -- /home/go/webserver/Reactor/Server.cpp:62
2020-06-01 18:55:58
Request: re
 -- /home/go/webserver/Reactor/Tcp_Connection.cpp:136
2020-06-01 18:55:58
6839: epoll_add error -- /home/go/webserver/Reactor/Epoll.cpp:49
2020-06-01 18:56:21
New connection from 192.168.160.1:65355 -- /home/go/webserver/Reactor/Server.cpp:62
2020-06-01 18:56:23
Request: ew
 -- /home/go/webserver/Reactor/Tcp_Connection.cpp:136
2020-06-01 19:07:31
New connection from 192.168.160.1:65436 -- /home/go/webserver/Reactor/Server.cpp:62
2020-06-01 19:07:33
Request: we
 -- /home/go/webserver/Reactor/Tcp_Connection.cpp:137
2020-06-01 19:07:33
7307: epoll_add error -- /home/go/webserver/Reactor/Epoll.cpp:49
2020-06-01 19:07:35
shared_ptr<Channel> is invalid -- /home/go/webserver/Reactor/Epoll.cpp:92
2020-06-01 19:08:08
New connection from 192.168.160.1:65442 -- /home/go/webserver/Reactor/Server.cpp:62
2020-06-01 19:08:10
Request: er
 -- /home/go/webserver/Reactor/Tcp_Connection.cpp:137
2020-06-01 19:08:10
7308: epoll_add error -- /home/go/webserver/Reactor/Epoll.cpp:49
2020-06-01 19:08:11
shared_ptr<Channel> is invalid -- /home/go/webserver/Reactor/Epoll.cpp:92
2020-06-01 19:09:33
New connection from 192.168.160.1:65446 -- /home/go/webserver/Reactor/Server.cpp:62
2020-06-01 19:09:35
Request: jk
 -- /home/go/webserver/Reactor/Tcp_Connection.cpp:137
2020-06-01 19:14:29
New connection from 192.168.160.1:65490 -- /home/go/webserver/Reactor/Server.cpp:62
2020-06-01 19:14:30
Request: ew
 -- /home/go/webserver/Reactor/Tcp_Connection.cpp:137
2020-06-01 19:14:32
Request: ew
 -- /home/go/webserver/Reactor/Tcp_Connection.cpp:137
2020-06-01 19:14:35
Request: we
 -- /home/go/webserver/Reactor/Tcp_Connection.cpp:137
2020-06-01 19:14:40
Request: ew
 -- /home/go/webserver/Reactor/Tcp_Connection.cpp:137
2020-06-01 19:14:43
Request: ew
 -- /home/go/webserver/Reactor/Tcp_Connection.cpp:137
2020-06-01 19:14:45
Request: we
 -- /home/go/webserver/Reactor/Tcp_Connection.cpp:137
2020-06-01 19:14:46
Request: ew
 -- /home/go/webserver/Reactor/Tcp_Connection.cpp:137
2020-06-01 19:14:47
Request: re
 -- /home/go/webserver/Reactor/Tcp_Connection.cpp:137
2020-06-01 19:14:50
Request: tr
 -- /home/go/webserver/Reactor/Tcp_Connection.cpp:137
2020-06-01 19:14:52
Request: tr
 -- /home/go/webserver/Reactor/Tcp_Connection.cpp:137
2020-06-01 19:14:53
Request: 45
 -- /home/go/webserver/Reactor/Tcp_Connection.cpp:137
2020-06-01 19:14:55
Request: er
 -- /home/go/webserver/Reactor/Tcp_Connection.cpp:137
2020-06-01 19:16:00
New connection from 127.0.0.1:65496 -- /home/go/webserver/Reactor/Server.cpp:62
2020-06-01 19:16:03
Request: er
 -- /home/go/webserver/Reactor/Tcp_Connection.cpp:137
2020-06-01 19:16:06
Request: re
 -- /home/go/webserver/Reactor/Tcp_Connection.cpp:137
2020-06-01 19:16:08
New connection from 192.168.160.1:65497 -- /home/go/webserver/Reactor/Server.cpp:62
2020-06-01 19:16:10
Request: ds
 -- /home/go/webserver/Reactor/Tcp_Connection.cpp:137
2020-06-01 19:16:11
Request: 
 -- /home/go/webserver/Reactor/Tcp_Connection.cpp:137
2020-06-01 19:16:13
Request: s
 -- /home/go/webserver/Reactor/Tcp_Connection.cpp:137
2020-06-01 19:16:15
Request: ds
 -- /home/go/webserver/Reactor/Tcp_Connection.cpp:137
2020-06-01 19:16:17
Request: ds
 -- /home/go/webserver/Reactor/Tcp_Connection.cpp:137
2020-06-01 19:16:18
Request: ds
 -- /home/go/webserver/Reactor/Tcp_Connection.cpp:137
2020-06-01 19:16:20
Request: ds
 -- /home/go/webserver/Reactor/Tcp_Connection.cpp:137
2020-06-01 19:16:22
Request: ds
 -- /home/go/webserver/Reactor/Tcp_Connection.cpp:137
2020-06-01 19:16:25
Request: ds
 -- /home/go/webserver/Reactor/Tcp_Connection.cpp:137
2020-06-01 19:16:26
Request: ds
 -- /home/go/webserver/Reactor/Tcp_Connection.cpp:137
2020-06-01 19:16:28
Request: ds
 -- /home/go/webserver/Reactor/Tcp_Connection.cpp:137
2020-06-01 19:16:29
Request: ds
 -- /home/go/webserver/Reactor/Tcp_Connection.cpp:137
2020-06-01 19:16:31
Request: ds
 -- /home/go/webserver/Reactor/Tcp_Connection.cpp:137
2020-06-01 19:16:33
Request: ds
 -- /home/go/webserver/Reactor/Tcp_Connection.cpp:137
2020-06-01 19:16:34
Request: ds
 -- /home/go/webserver/Reactor/Tcp_Connection.cpp:137
2020-06-01 19:16:36
Request: ds
 -- /home/go/webserver/Reactor/Tcp_Connection.cpp:137
2020-06-01 19:16:38
Request: tr
 -- /home/go/webserver/Reactor/Tcp_Connection.cpp:137
2020-06-01 19:16:40
Request: yt
 -- /home/go/webserver/Reactor/Tcp_Connection.cpp:137
2020-06-01 19:16:42
Request: re
 -- /home/go/webserver/Reactor/Tcp_Connection.cpp:137
2020-06-01 19:16:44
Request: re
 -- /home/go/webserver/Reactor/Tcp_Connection.cpp:137
2020-06-01 19:16:45
Request: tr
 -- /home/go/webserver/Reactor/Tcp_Connection.cpp:137
2020-06-01 19:16:48
Request: ertrdf
 -- /home/go/webserver/Reactor/Tcp_Connection.cpp:137
2020-06-01 19:16:51
Request: erergtrts
 -- /home/go/webserver/Reactor/Tcp_Connection.cpp:137
